5158
11328
4011
5702
11777
10064
unreachable
7287
unreachable
10650
5419
16442
13452
8338
10994
10572
7664
4566
16805
16762
9696
6251
13506
11416
5361
11270
11731
956
2427
9115
14275
10687
11323
926
10613
16953
8512
13335
5459
5548
11432
14707
21926
unreachable
699
10528
6897
8538
3259
6741
2392
5915
11556
21794
8267
20296
13509
3957
3763
15073
8794
7671
10328
5785
12096
4260
4786
3765
12562
unreachable
16639
9692
1953
14757
14379
9901
3215
12809
11626
5713
4192
3135
7149
11076
4128
11104
11837
7171
11472
6785
8868
unreachable
7401
6524
8786
639
5641
13714
11126
9533
10608
unreachable
7836
3815
6672
3799
unreachable
8445
11701
11558
979
3773
11724
12810
unreachable
6323
16008
15971
12780
1344
12054
1659
6763
9463
13296
6540
13195
16693
7415
9270
12413
15379
956
10658
13549
17129
unreachable
6107
7435
3218
16061
16741
6342
unreachable
13361
5572
11666
unreachable
6969
11437
6780
14309
6489
5882
6511
6878
369
15177
11233
12053
10913
8088
4152
9158
5147
7797
1621
12450
6850
12179
10690
8550
unreachable
9209
6177
3524
11206
10953
16352
11726
3572
5134
3746
8196
10162
16029
11310
9438
5334
7525
13165
6429
unreachable
7221
12996
9197
22016
5614
4104
749
20444
unreachable
6386
20041
10326
3113
18067
5992
7075
3872
unreachable
8464
2889
7694
7851
2747
13140
6269
9883
5888
2949
7983
9224
3084
7583
4945
8212
7338
7593
unreachable
6789
9061
5086
9244
7097
2098
10784
14729
12229
7785
11592
14204
6388
1828
4015
9372
unreachable
13205
13525
7115
unreachable
7760
822
7405
8532
2592
12450
2418
9622
11695
8217
11833
14539
12511
5358
8973
17918
12152
10697
13224
5400
5266
7608
5862
17582
665
1757
8569
14978
9775
14058
unreachable
17881
6025
894
5324
10987
21951
3087
4884
4489
2714
4986
12893
11469
12225
7794
17154
5588
10852
14060
5502
11157
8450
7751
11746
unreachable
13777
7180
3890
5423
13966
4369
1817
9909
8610
7232
unreachable
5526
10099
9979
5135
2118
8490
4266
14830
6409
4480
12254
10082
unreachable
2889
7700
12250
8609
13797
9638
15193
4942
16634
10255
4988
9866
6971
14310
5305
9489
16179
10878
8900
7254
15822
4794
6677
1276
12194
11098
5876
14404
unreachable
10611
12247
3522
10704
14428
6864
12432
12189
4461
4464
12167
7651
5927
7273
9073
7709
7558
9113
11137
5748
7384
18428
13431
12736
2871
unreachable
unreachable
6562
2201
6547
6133
16152
8554
7649
10724
3912
113
3799
unreachable
1234
6933
unreachable
8581
4169
4571
6255
16768
9646
9801
3451
10249
1301
1409
11507
7914
17098
13988
8011
5030
4860
11112
8906
3217
4201
3352
12891
15136
9934
6046
9377
9039
6734
16854
10638
5279
10767
7005
6528
5194
4958
13133
18243
12639
13995
18226
7820
4018
12982
8855
2736
15376
4940
7732
unreachable
6266
unreachable
6034
7374
1708
7299
2750
14252
13461
6323
15277
12688
2371
6184
11726
12501
12432
2554
945
3004
13763
6299
8123
10179
10581
11850
12148
20986
unreachable
19505
11805
6315
3239
5431
unreachable
716
6114
5933
3066
5520
8950
10453
15569
13991
2078
4013
5792
9696
18233
4670
2066
8771
8846
6080
8277
3068
7697
9797
8400
7745
6342
10027
8986
12342
9195
17834
11832
7636
8219
8083
10031
10469
17387
9505
11041
10847
13691
7850
16835
17838
15464
3569
10828
5878
5432
7882
1217
3787
unreachable
3045
12511
10859
15277
11055
15580
unreachable
11759
15191
19529
17051
8815
12689
6827
8790
19720
7534
12480
10827
4576
10529
10998
6197
11492
5968
6350
13008
unreachable
10804
8960
3918
6821
18339
11415
14973
10375
10299
777
4329
11735
11332
8155
11293
17466
8907
11591
19277
14994
7259
10881
16269
2709
12567
8102
7737
9357
3366
10869
9755
9032
9294
3489
9900
4567
11032
9054
12508
3507
9053
2738
10918
12950
748
13431
5716
6795
10034
7610
13564
2789
4282
11365
17674
4009
12822
8498
15429
9500
763
2056
6951
5735
10812
15550
5949
5932
5116
2721
7035
12621
9239
3507
13285
2374
11674
4993
9406
6612
14201
9874
3228
9037
6839
12138
unreachable
9233
5173
14268
10362
8823
15222
11222
12152
2596
10978
6094
6474
7453
4222
13613
unreachable
10839
2529
16323
14060
12824
4888
3127
1684
12587
8819
13843
18606
11620
12655
9956
2293
9599
18639
3725
11162
9933
3210
12433
13255
6389
4360
4757
5504
3488
6733
12050
8988
10639
7800
1113
5717
12140
12665
9602
5073
3320
7333
10320
8224
7032
4449
12376
10185
11312
9938
5778
13335
14250
13630
1497
12098
6604
2162
3647
12509
7942
7296
13012
17032
7827
7084
16438
15540
unreachable
16613
10631
9524
10341
6934
7213
3823
6462
11556
5811
5148
unreachable
11309
13862
13605
10444
7118
unreachable
4520
16615
5809
5729
13911
7970
16758
10475
unreachable
4359
unreachable
11116
7933
6977
13514
7992
15991
13422
9217
15734
7073
10208
8666
9563
10935
4723
8355
9021
4707
6754
5437
5959
1909
2200
6520
10999
5761
14769
8674
12038
unreachable
12179
11265
unreachable
10342
16419
10231
13451
7794
17419
18462
3246
5342
19785
9804
3504
6171
8831
4915
6892
9984
7819
15441
unreachable
3489
4732
5248
15131
4777
10257
6088
276
15720
6648
18174
10740
3948
14748
9358
5871
10956
unreachable
9696
14106
4098
3879
4982
unreachable
8708
11542
8225
9210
3065
3014
8924
10784
6359
13632
unreachable
6733
12786
7680
11520
3137
8691
7388
1608
8429
10690
12904
6984
17995
4152
10593
7578
10139
8684
8433
10710
19094
15966
7472
4861
2599
8720
10905
6136
2010
12179
2831
12749
5398
4938
9245
10038
3290
4683
11407
8070
9601
19061
7958
unreachable
3111
3375
7898
11938
unreachable
9569
6195
8597
1287
10807
11586
2814
4269
10415
7961
3929
14108
10105
6160
8312
10649
6967
8915
20841
6597
2572
10985
6012
11823
10612
6279
12393
5912
10272
8335
6097
2658
7081
4261
7983
7488
7334
13304
10517
8988
16674
9034
9044
5274
8588
9839
5056
8363
3768
10668
12266
1916
12585
15264
8400
8212
7525
8209
9573
16101
3955
unreachable
11029
4159
10594
6934
12963
9089
17907
4086
7754
11446
13720
10140
10914
4979
3694
1367
6111
4262
10778
12271
unreachable
2991
19127
unreachable
7360
8264
12187
3574
11323
