10773
15492
3433
11582
4868
7521
2714
9526
13290
7705
unreachable
11098
7018
8979
1706
9409
5410
8286
unreachable
8133
unreachable
4562
8780
12302
16573
16270
unreachable
7974
9828
4676
1064
unreachable
17042
15553
unreachable
10999
6730
7434
unreachable
14610
13477
6509
unreachable
unreachable
1901
1822
3813
4373
unreachable
7450
5214
3460
1905
18286
4942
10352
1287
14485
14237
10233
5249
14409
unreachable
unreachable
11255
11990
2805
13838
unreachable
16881
9088
5734
15731
14377
unreachable
unreachable
unreachable
9651
10588
10076
5605
9833
5427
unreachable
8027
8025
unreachable
3088
unreachable
unreachable
11888
14462
unreachable
14436
13069
2116
13666
7040
1372
unreachable
2938
1087
14354
5266
9922
unreachable
18168
12194
17159
unreachable
unreachable
13523
7653
2151
12361
1936
7305
unreachable
4619
5082
9075
9759
14596
unreachable
17962
208
18820
6009
unreachable
7730
5826
10550
unreachable
8277
21011
unreachable
11921
2532
9739
unreachable
11993
11316
unreachable
14229
15489
8102
unreachable
unreachable
3572
2044
10392
20057
13724
unreachable
unreachable
13123
9445
unreachable
4245
9520
26582
unreachable
unreachable
2892
4759
4688
11352
16232
unreachable
unreachable
unreachable
unreachable
4962
9582
338
10880
unreachable
unreachable
9291
13151
unreachable
21470
5131
6061
8747
unreachable
unreachable
2547
12234
3736
unreachable
4656
14545
19534
2384
2386
4879
17726
12655
5050
10587
7224
5850
unreachable
unreachable
unreachable
unreachable
6392
9009
unreachable
3116
unreachable
12831
18357
15545
12792
13549
unreachable
3236
19792
unreachable
unreachable
25783
7634
12223
unreachable
unreachable
4776
4569
6744
16309
1677
1941
3993
6226
15738
unreachable
unreachable
unreachable
21599
6555
20329
6315
3805
2532
unreachable
unreachable
unreachable
unreachable
13347
unreachable
6477
8158
10001
unreachable
8240
unreachable
13570
unreachable
14970
unreachable
unreachable
11817
unreachable
2636
unreachable
5027
6031
8112
12723
13424
unreachable
1472
11948
unreachable
10435
11942
unreachable
7880
2222
unreachable
unreachable
unreachable
602
11764
17151
9306
8977
unreachable
2657
16120
unreachable
unreachable
unreachable
unreachable
3368
3454
19461
11628
7973
unreachable
2091
8716
21461
262
16929
13772
6874
24156
unreachable
7749
unreachable
unreachable
626
5039
4876
19060
13569
9977
3860
6416
14694
21507
unreachable
unreachable
15856
7478
8846
5552
4027
12145
unreachable
1622
17071
20727
unreachable
20658
281
12514
25410
unreachable
unreachable
unreachable
2648
16263
12085
unreachable
unreachable
unreachable
3966
9794
7934
9785
unreachable
1038
12872
7860
7750
9045
unreachable
13397
unreachable
13883
758
941
unreachable
10984
5328
13164
5587
12155
20958
19756
3578
13802
unreachable
unreachable
9606
unreachable
17368
15440
5961
5540
unreachable
unreachable
unreachable
9587
22821
3863
8847
15460
unreachable
6952
unreachable
9994
9551
18246
unreachable
12887
unreachable
9802
unreachable
7977
10111
15878
13737
9298
unreachable
17656
16898
7862
unreachable
16037
6143
15821
6415
14508
19013
6162
13126
5354
4624
17106
11613
23029
15544
7785
14723
unreachable
750
11929
12842
6626
unreachable
136
1223
16055
11818
18838
unreachable
1276
5394
19910
11503
568
13435
18056
13341
9713
unreachable
4858
18452
5936
25926
18300
1226
17973
unreachable
unreachable
7551
9730
unreachable
27314
7855
12829
22015
unreachable
6015
1416
11309
5643
964
1739
4082
unreachable
19778
14602
13122
14247
4472
19540
8831
12184
2424
9466
16392
17950
unreachable
unreachable
12200
17110
6683
9845
17093
unreachable
5829
9865
14023
437
15708
unreachable
15667
1954
unreachable
11061
12013
23396
5633
7723
unreachable
12933
unreachable
13875
4423
6062
5997
4263
11304
9865
14020
4767
11918
17865
20766
13556
17012
unreachable
10888
15106
14102
6088
unreachable
unreachable
unreachable
21536
unreachable
7528
3531
unreachable
11817
2952
12541
5514
unreachable
10879
unreachable
2508
22328
4207
4955
unreachable
6279
8707
16196
15426
20882
2584
unreachable
10606
6512
5690
11788
6725
12400
3674
2227
4729
18902
unreachable
15489
12029
7794
6724
unreachable
8534
8660
9652
15865
unreachable
unreachable
10425
18918
21711
17313
3430
13461
692
unreachable
unreachable
12749
unreachable
unreachable
7891
15731
8082
4477
unreachable
3187
3054
14724
8438
unreachable
421
15773
3636
8977
11600
16510
2121
7767
1406
11391
unreachable
1583
14185
11155
unreachable
unreachable
15202
7972
22243
9588
16311
20768
2575
3655
7995
16924
unreachable
3981
3787
6614
4160
9033
unreachable
19615
6803
7533
1479
6594
8597
5627
5919
unreachable
unreachable
10717
9666
20196
unreachable
unreachable
2849
4772
10245
unreachable
unreachable
5922
2604
12860
9587
unreachable
1971
unreachable
2328
unreachable
unreachable
7830
unreachable
6496
2557
7595
22181
unreachable
unreachable
unreachable
18654
3487
13834
unreachable
11310
10183
306
6826
unreachable
23879
2637
11441
unreachable
5228
15095
unreachable
8160
unreachable
15533
unreachable
7828
unreachable
6803
unreachable
unreachable
16014
8894
9784
16317
15469
unreachable
6915
unreachable
unreachable
22304
6897
17372
unreachable
6469
14712
5049
6483
11247
17269
4192
3270
3473
11924
unreachable
unreachable
2160
1267
15119
2011
unreachable
3384
unreachable
6727
unreachable
5773
unreachable
unreachable
15139
unreachable
5517
17973
10859
18055
unreachable
unreachable
12670
18683
10345
4069
25469
4589
274
7758
11955
4957
7170
8411
4273
2303
14736
14314
15221
unreachable
7658
6732
17129
1448
9283
659
4518
4478
14490
948
15280
unreachable
21405
3853
10714
3350
15193
unreachable
unreachable
24540
25189
4443
11071
unreachable
5589
10603
unreachable
16080
14234
unreachable
7096
14095
8987
unreachable
19396
5880
10641
3845
unreachable
5887
1946
12623
6480
unreachable
698
4315
16707
14190
5944
9041
6043
unreachable
6832
10257
17270
3041
10877
unreachable
unreachable
716
5373
17070
14687
19493
3874
14139
1505
13570
unreachable
10364
20317
14333
7300
14006
15897
unreachable
3809
11884
unreachable
unreachable
unreachable
7339
5184
8175
12641
5274
9104
17157
8645
3484
10517
unreachable
14154
12601
unreachable
unreachable
14864
10413
10896
unreachable
5779
9578
unreachable
unreachable
11774
unreachable
20765
1934
14973
unreachable
15620
12548
18163
22592
unreachable
11397
13446
5238
14311
unreachable
unreachable
7872
unreachable
unreachable
unreachable
7892
3016
5983
unreachable
10988
13735
15351
3975
23980
unreachable
12520
unreachable
2449
4740
14270
8367
2667
8966
2032
unreachable
unreachable
16353
unreachable
20445
5998
15533
9447
15785
unreachable
22879
18497
11181
11171
3955
12258
unreachable
16203
26875
unreachable
14854
17593
11913
unreachable
13556
4666
2008
4297
unreachable
9563
unreachable
4390
2179
unreachable
8014
1616
12375
19020
4545
15697
unreachable
5895
unreachable
16949
13246
21154
22608
11571
unreachable
unreachable
7989
unreachable
unreachable
unreachable
11792
unreachable
4732
13912
18391
5852
unreachable
15006
6069
unreachable
2794
unreachable
1986
13607
4406
unreachable
12982
unreachable
15825
11340
5900
unreachable
unreachable
14720
8412
unreachable
unreachable
6154
unreachable
unreachable
8932
14222
unreachable
17090
unreachable
10456
14012
6007
unreachable
15582
