860740
520674
510122
703789
233647
149736
518633
692692
300432
80262
112553
588362
290327
312228
613548
398308
212645
564970
593098
739935
643576
216102
961660
157442
650730
340385
353824
840353
694200
170831
23322
809938
640478
278974
202919
234105
456717
498695
152170
604897
105831
906383
404145
446394
362241
800328
424486
235831
666221
744022
542190
670650
593486
668045
901968
620915
361369
118585
437763
323587
252665
539328
600924
661798
286126
814975
1065106
801891
195381
348539
351712
1236817
413116
624403
312323
436445
747592
680400
264400
158970
588824
166539
554892
791892
323100
340056
465277
823423
231957
610462
502706
1015195
594945
535128
687774
102371
912789
513645
262531
803478
